<?xml version="1.0" encoding="UTF-8"?>
<!-- Generated by org.testng.reporters.JUnitReportReporter -->
<testsuite hostname="JAGADEESH" failures="0" tests="3" name="testNG.parallelTesting" time="17.949" errors="0" timestamp="2025-01-23T18:12:32 IST" skipped="0">
  <testcase classname="testNG.parallelTesting" name="openfacebook" time="4.024"/>
  <testcase classname="testNG.parallelTesting" name="opengoogle" time="7.382"/>
  <testcase classname="testNG.parallelTesting" name="openbing" time="6.543"/>
</testsuite> <!-- testNG.parallelTesting -->
