<?xml version="1.0" encoding="UTF-8"?>
<!-- Generated by org.testng.reporters.JUnitReportReporter -->
<testsuite hostname="JAGADEESH" failures="0" tests="3" name="testNG.TestSuite" time="19.293" errors="0" timestamp="2025-01-08T19:47:25 IST" skipped="0">
  <testcase classname="testNG.TestSuite" name="openInstagram" time="10.539"/>
  <testcase classname="testNG.TestSuite" name="openYoutube" time="7.396"/>
  <testcase classname="testNG.TestSuite" name="openFacebook" time="1.358"/>
</testsuite> <!-- testNG.TestSuite -->
