<?xml version="1.0" encoding="UTF-8"?>
<!-- Generated by org.testng.reporters.JUnitReportReporter -->
<testsuite hostname="JAGADEESH" failures="0" tests="1" name="testNG.hierarchyExampleAnnotations" time="0.015" errors="0" timestamp="2025-01-09T17:27:29 IST" skipped="0">
  <testcase classname="testNG.hierarchyExampleAnnotations" name="f" time="0.015"/>
</testsuite> <!-- testNG.hierarchyExampleAnnotations -->
