<?xml version="1.0" encoding="UTF-8"?>
<!-- Generated by org.testng.reporters.JUnitReportReporter -->
<testsuite hostname="JAGADEESH" failures="0" tests="2" name="testNG.basicfns" time="5.432" errors="0" timestamp="2025-01-27T17:09:05 IST" skipped="0">
  <testcase classname="testNG.basicfns" name="upload" time="3.476"/>
  <testcase classname="testNG.basicfns" name="screenshot" time="1.956"/>
</testsuite> <!-- testNG.basicfns -->
