<?xml version="1.0" encoding="UTF-8"?>
<!-- Generated by org.testng.reporters.JUnitReportReporter -->
<testsuite hostname="JAGADEESH" failures="0" tests="3" name="testNG.SampleTestCases" time="0.013" errors="0" timestamp="2025-01-08T19:47:25 IST" skipped="0">
  <testcase classname="testNG.SampleTestCases" name="firstTestCase" time="0.010"/>
  <testcase classname="testNG.SampleTestCases" name="thirdcase" time="0.002"/>
  <testcase classname="testNG.SampleTestCases" name="secondcase" time="0.001"/>
</testsuite> <!-- testNG.SampleTestCases -->
