<?xml version="1.0" encoding="UTF-8"?>
<!-- Generated by org.testng.reporters.JUnitReportReporter -->
<testsuite hostname="JAGADEESH" failures="0" tests="1" name="testNG.parametersCode" time="0.025" errors="0" timestamp="2025-01-09T13:54:55 IST" skipped="0">
  <testcase classname="testNG.parametersCode" name="name" time="0.025"/>
</testsuite> <!-- testNG.parametersCode -->
