<?xml version="1.0" encoding="UTF-8"?>
<!-- Generated by org.testng.reporters.JUnitReportReporter -->
<testsuite hostname="JAGADEESH" failures="0" tests="6" name="testNG.groupingCode" time="0.034" errors="0" timestamp="2025-01-09T13:54:23 IST" skipped="0">
  <testcase classname="testNG.groupingCode" name="Austin1" time="0.019"/>
  <testcase classname="testNG.groupingCode" name="Redbull2" time="0.004"/>
  <testcase classname="testNG.groupingCode" name="Ferrari1" time="0.002"/>
  <testcase classname="testNG.groupingCode" name="RedBull1" time="0.002"/>
  <testcase classname="testNG.groupingCode" name="Austin2" time="0.003"/>
  <testcase classname="testNG.groupingCode" name="Ferrari2" time="0.004"/>
</testsuite> <!-- testNG.groupingCode -->
